
   Program  MARK  - Survival Rate Estimation with Capture-Recapture Data
   gfortran(Win64) Vers. 8.1 Mar 2016   27-Jan-2017 15:20:57    Page  001
 - - - - - - - - - - - - - - - - - - - - - - - - - - - - - - - - - - - - - -
 
   This version was compiled by GCC version 5.3.0 using the options 
   -m64 -mtune=generic -march=x86-64 -mthreads -O2 -fimplicit-none -fbounds-check -funroll-loops -ftree-vectorize -fopenmp.
   This problem will use 7 of 8 possible threads.


  INPUT --- proc title ;

     CPU Time in seconds for last procedure was 0.02


  INPUT --- proc chmatrix occasions= 62 groups= 12 etype= Known ICMeans 
  INPUT --- NoHist hist= 124 ;

  INPUT ---    time  interval 1 1 1 1 1 1 1 1 1 1 1 1 1 1 1 1 1 1 1 1 1 1 
  INPUT ---    1 1 1 1 1 1 1 1 1 1 1 1 1 1 1 1 1 1 1 1 1 1 1  1 1 1 1 1 1 
  INPUT ---    1 1 1 1 1 1 1 1 1 1 1 ;

  INPUT ---    glabel(1)=Twin0.Year2011;

  INPUT ---    glabel(2)=Twin1.Year2011;

  INPUT ---    glabel(3)=Twin0.Year2012;

  INPUT ---    glabel(4)=Twin1.Year2012;

  INPUT ---    glabel(5)=Twin0.Year2013;

  INPUT ---    glabel(6)=Twin1.Year2013;

  INPUT ---    glabel(7)=Twin0.Year2014;

  INPUT ---    glabel(8)=Twin1.Year2014;

  INPUT ---    glabel(9)=Twin0.Year2015;

  INPUT ---    glabel(10)=Twin1.Year2015;

  INPUT ---    glabel(11)=Twin0.Year2016;

  INPUT ---    glabel(12)=Twin1.Year2016;

   * *  WARNING  * *   At least a pair of the encounter histories are duplicates. 

  Program  MARK  - Survival Rate Estimation with Capture-Recapture Data
   gfortran(Win64) Vers. 8.1 Mar 2016   27-Jan-2017 15:20:57    Page  002
 - - - - - - - - - - - - - - - - - - - - - - - - - - - - - - - - - - - - - -
 

      Number of unique encounter histories read was 103.

      Number of individual covariates read was 0.
      Time interval lengths are all equal to 1.

      Data type number is 4
      Data type is Known Fate                                                                                          

     CPU Time in seconds for last procedure was 0.00


  INPUT --- proc estimate link=Logit NOLOOP varest=2ndPart    ;


  INPUT --- model={ S(~Year) };

  INPUT ---    group=1 S    rows=1 cols=62 Square ;
  INPUT ---        1 1 1 1 1 1 1 1 1 1 1 1 1 1 1 1 1 1 1 1 1 1 1 1 1 1 1 1 1 
  INPUT ---       1 1 1 1 1 1 1 1 1 1 1 1 1 1 1 1 1 1 1 1 1 1 1 1 1 1 1 1 1 1 
  INPUT ---       1 1 1 ;

  INPUT ---    group=2 S    rows=1 cols=62 Square ;
  INPUT ---        1 1 1 1 1 1 1 1 1 1 1 1 1 1 1 1 1 1 1 1 1 1 1 1 1 1 1 1 1 
  INPUT ---       1 1 1 1 1 1 1 1 1 1 1 1 1 1 1 1 1 1 1 1 1 1 1 1 1 1 1 1 1 1 
  INPUT ---       1 1 1 ;

  INPUT ---    group=3 S    rows=1 cols=62 Square ;
  INPUT ---        2 2 2 2 2 2 2 2 2 2 2 2 2 2 2 2 2 2 2 2 2 2 2 2 2 2 2 2 2 
  INPUT ---       2 2 2 2 2 2 2 2 2 2 2 2 2 2 2 2 2 2 2 2 2 2 2 2 2 2 2 2 2 2 
  INPUT ---       2 2 2 ;

  INPUT ---    group=4 S    rows=1 cols=62 Square ;
  INPUT ---        2 2 2 2 2 2 2 2 2 2 2 2 2 2 2 2 2 2 2 2 2 2 2 2 2 2 2 2 2 
  INPUT ---       2 2 2 2 2 2 2 2 2 2 2 2 2 2 2 2 2 2 2 2 2 2 2 2 2 2 2 2 2 2 
  INPUT ---       2 2 2 ;

  INPUT ---    group=5 S    rows=1 cols=62 Square ;
  INPUT ---        3 3 3 3 3 3 3 3 3 3 3 3 3 3 3 3 3 3 3 3 3 3 3 3 3 3 3 3 3 
  INPUT ---       3 3 3 3 3 3 3 3 3 3 3 3 3 3 3 3 3 3 3 3 3 3 3 3 3 3 3 3 3 3 
  INPUT ---       3 3 3 ;

  INPUT ---    group=6 S    rows=1 cols=62 Square ;
  INPUT ---        3 3 3 3 3 3 3 3 3 3 3 3 3 3 3 3 3 3 3 3 3 3 3 3 3 3 3 3 3 
  INPUT ---       3 3 3 3 3 3 3 3 3 3 3 3 3 3 3 3 3 3 3 3 3 3 3 3 3 3 3 3 3 3 
  INPUT ---       3 3 3 ;


  Program  MARK  - Survival Rate Estimation with Capture-Recapture Data
   gfortran(Win64) Vers. 8.1 Mar 2016   27-Jan-2017 15:20:57    Page  003
 - - - - - - - - - - - - - - - - - - - - - - - - - - - - - - - - - - - - - -
 
  INPUT ---    group=7 S    rows=1 cols=62 Square ;
  INPUT ---        4 4 4 4 4 4 4 4 4 4 4 4 4 4 4 4 4 4 4 4 4 4 4 4 4 4 4 4 4 
  INPUT ---       4 4 4 4 4 4 4 4 4 4 4 4 4 4 4 4 4 4 4 4 4 4 4 4 4 4 4 4 4 4 
  INPUT ---       4 4 4 ;

  INPUT ---    group=8 S    rows=1 cols=62 Square ;
  INPUT ---        4 4 4 4 4 4 4 4 4 4 4 4 4 4 4 4 4 4 4 4 4 4 4 4 4 4 4 4 4 
  INPUT ---       4 4 4 4 4 4 4 4 4 4 4 4 4 4 4 4 4 4 4 4 4 4 4 4 4 4 4 4 4 4 
  INPUT ---       4 4 4 ;

  INPUT ---    group=9 S    rows=1 cols=62 Square ;
  INPUT ---        5 5 5 5 5 5 5 5 5 5 5 5 5 5 5 5 5 5 5 5 5 5 5 5 5 5 5 5 5 
  INPUT ---       5 5 5 5 5 5 5 5 5 5 5 5 5 5 5 5 5 5 5 5 5 5 5 5 5 5 5 5 5 5 
  INPUT ---       5 5 5 ;

  INPUT ---    group=10 S    rows=1 cols=62 Square ;
  INPUT ---        5 5 5 5 5 5 5 5 5 5 5 5 5 5 5 5 5 5 5 5 5 5 5 5 5 5 5 5 5 
  INPUT ---       5 5 5 5 5 5 5 5 5 5 5 5 5 5 5 5 5 5 5 5 5 5 5 5 5 5 5 5 5 5 
  INPUT ---       5 5 5 ;

  INPUT ---    group=11 S    rows=1 cols=62 Square ;
  INPUT ---        6 6 6 6 6 6 6 6 6 6 6 6 6 6 6 6 6 6 6 6 6 6 6 6 6 6 6 6 6 
  INPUT ---       6 6 6 6 6 6 6 6 6 6 6 6 6 6 6 6 6 6 6 6 6 6 6 6 6 6 6 6 6 6 
  INPUT ---       6 6 6 ;

  INPUT ---    group=12 S    rows=1 cols=62 Square ;
  INPUT ---        6 6 6 6 6 6 6 6 6 6 6 6 6 6 6 6 6 6 6 6 6 6 6 6 6 6 6 6 6 
  INPUT ---       6 6 6 6 6 6 6 6 6 6 6 6 6 6 6 6 6 6 6 6 6 6 6 6 6 6 6 6 6 6 
  INPUT ---       6 6 6 ;

  INPUT ---    design matrix constraints=6 covariates=6;
  INPUT ---        1 0 0 0 0 0;
  INPUT ---        1 1 0 0 0 0;
  INPUT ---        1 0 1 0 0 0;
  INPUT ---        1 0 0 1 0 0;
  INPUT ---        1 0 0 0 1 0;
  INPUT ---        1 0 0 0 0 1;

  INPUT ---    blabel(1)=S:(Intercept);

  INPUT ---    blabel(2)=S:Year2012;

  INPUT ---    blabel(3)=S:Year2013;

  INPUT ---    blabel(4)=S:Year2014;


  Program  MARK  - Survival Rate Estimation with Capture-Recapture Data
   gfortran(Win64) Vers. 8.1 Mar 2016   27-Jan-2017 15:20:57    Page  004
 - - - - - - - - - - - - - - - - - - - - - - - - - - - - - - - - - - - - - -
 
  INPUT ---    blabel(5)=S:Year2015;

  INPUT ---    blabel(6)=S:Year2016;

  INPUT ---    rlabel(1)=S g02011 a1 t2;

  INPUT ---    rlabel(2)=S g02012 a1 t2;

  INPUT ---    rlabel(3)=S g02013 a1 t2;

  INPUT ---    rlabel(4)=S g02014 a1 t2;

  INPUT ---    rlabel(5)=S g02015 a1 t2;

  INPUT ---    rlabel(6)=S g02016 a1 t2;

 Link Function Used is LOGIT        

 Variance Estimation Procedure Used is 2ndPart 
 -2logL(saturated) = 561.95289     
 Effective Sample Size = 5263

 Number of function evaluations was 39 for 6 parameters.
 Time for numerical optimization was 0.06 seconds.
 -2logL { S(~Year) } = 984.97557     
 Penalty { S(~Year) } = -0.0000000    
 Gradient { S(~Year) }:
 -0.8247153E-05  0.000000      0.000000     0.4634851E-05  0.000000    
  0.1360567E-04
 S Vector { S(~Year) }:
   115.7060      21.65806      18.42333      15.32602      12.58795    
   2.001036    
 Time to compute number of parameters was 0.01 seconds.
   Threshold =  0.1400000E-06     Condition index =  0.1729415E-01     New Threshold =   4.901517    
 New Guessimate of Estimated Parameters { S(~Year) } = 1          
 Conditioned S Vector { S(~Year) }:
   1.000000     0.1871818     0.1592254     0.1324566     0.1087925    
  0.1729415E-01
 Number of Estimated Parameters { S(~Year) } = 6          
 DEVIANCE { S(~Year) } = 423.02267                     
 DEVIANCE Degrees of Freedom { S(~Year) } = 645            
 c-hat { S(~Year) } = 0.6558491                     
 AIC { S(~Year) } = 996.97557                  
 AICc { S(~Year) } = 996.99155                    
 BIC { S(~Year) } = 1036.3863                    
 Pearson Chisquare { S(~Year) } = Not a Number               
 Possible Encounter Histories { S(~Year) } = 1302             
 Pearson Chisquare df { S(~Year) } = 1284        
 Pearson chat { S(~Year) } = Not a Number               
 Sum(Observed/Expected) { S(~Year) } = Not a Number               
 Fletcher chat { S(~Year) } = Not a Number               


                         LOGIT Link Function Parameters of { S(~Year) }
                                                              95% Confidence Interval
 Parameter                    Beta         Standard Error      Lower           Upper
 -------------------------  --------------  --------------  --------------  --------------
    1:S:(Intercept)         3.1354941       0.2730095       2.6003955       3.6705927     
    2:S:Year2012            0.0369890       0.3794656       -0.7067636      0.7807416     
    3:S:Year2013            1.0691983       0.3663818       0.3510898       1.7873067     
    4:S:Year2014            1.4528691       0.3983905       0.6720237       2.2337146     
    5:S:Year2015            0.8331556       0.3447232       0.1574980       1.5088132     

  Program  MARK  - Survival Rate Estimation with Capture-Recapture Data
   gfortran(Win64) Vers. 8.1 Mar 2016   27-Jan-2017 15:20:57    Page  005
 - - - - - - - - - - - - - - - - - - - - - - - - - - - - - - - - - - - - - -
 
    6:S:Year2016            0.6711683       0.3510149       -0.0168209      1.3591575     


                         Real Function Parameters of { S(~Year) }
                                                               95% Confidence Interval
  Parameter                  Estimate       Standard Error      Lower           Upper
 --------------------------  --------------  --------------  --------------  --------------
     1:S g02011 a1 t2        0.9583333       0.0109014       0.9308870       0.9751708                           
     2:S g02012 a1 t2        0.9597855       0.0101724       0.9343749       0.9756137                           
     3:S g02013 a1 t2        0.9852941       0.0035404       0.9764728       0.9908390                           
     4:S g02014 a1 t2        0.9899329       0.0028915       0.9823583       0.9942742                           
     5:S g02015 a1 t2        0.9814516       0.0038316       0.9722430       0.9876440                           
     6:S g02016 a1 t2        0.9782609       0.0046920       0.9668894       0.9857844                           


                     Estimates of Derived Parameters

                   Survival Estimates of { S(~Year) }

       Pr. Surviving
        Duration of                   95% Confidence Interval
 Group     Study      Standard Error     Lower          Upper     
 ----- -------------- -------------- -------------- --------------
   1   0.0714544      0.0503949      0.0170690      0.2542927     
   2   0.0714544      0.0503949      0.0170690      0.2542927     
   3   0.0784875      0.0515753      0.0206188      0.2562723     
   4   0.0784875      0.0515753      0.0206188      0.2562723     
   5   0.3991031      0.0889120      0.2430805      0.5787043     
   6   0.3991031      0.0889120      0.2430805      0.5787043     
   7   0.5340189      0.0967074      0.3485484      0.7105380     
   8   0.5340189      0.0967074      0.3485484      0.7105380     
   9   0.3132357      0.0758177      0.1860584      0.4764569     
  10   0.3132357      0.0758177      0.1860584      0.4764569     
  11   0.2559707      0.0761179      0.1358283      0.4295580     
  12   0.2559707      0.0761179      0.1358283      0.4295580     

     CPU Time in seconds for last procedure was 0.09

  Program  MARK  - Survival Rate Estimation with Capture-Recapture Data
   gfortran(Win64) Vers. 8.1 Mar 2016   27-Jan-2017 15:20:57    Page  006
 - - - - - - - - - - - - - - - - - - - - - - - - - - - - - - - - - - - - - -
 


  INPUT --- proc stop;

     CPU Time in minutes for this job was 0.00

     Time Start = 15:20:57.779   Time End = 15:20:57.832

     Wall Clock Time in minutes for this job was 0.00


          E X E C U T I O N   S U C C E S S F U L 
